[0m2021.03.23 02:33:52 INFO  Started: Metals version 0.10.0 in workspace 'C:\Users\HOME\Documents\GitHub\PROJETOCONTASBANCARIAS' for client vscode 1.54.3.[0m
[0m2021.03.23 02:34:26 INFO  time: initialize in 1m59s[0m
[0m2021.03.23 02:35:27 WARN  Build server is not auto-connectable.[0m
[0m2021.03.23 02:35:27 WARN  no build tool detected in workspace 'C:\Users\HOME\Documents\GitHub\PROJETOCONTASBANCARIAS'. The most common cause for this problem is that the editor was opened in the wrong working directory, for example if you use sbt then the workspace directory should contain build.sbt. [0m
[0m2021.03.23 12:39:06 INFO  Started: Metals version 0.10.0 in workspace 'C:\Users\HOME\Documents\GitHub\PROJETOCONTASBANCARIAS' for client vscode 1.54.3.[0m
[0m2021.03.23 12:39:14 INFO  time: initialize in 8.15s[0m
[0m2021.03.23 12:39:25 WARN  Build server is not auto-connectable.[0m
[0m2021.03.23 12:39:25 WARN  no build tool detected in workspace 'C:\Users\HOME\Documents\GitHub\PROJETOCONTASBANCARIAS'. The most common cause for this problem is that the editor was opened in the wrong working directory, for example if you use sbt then the workspace directory should contain build.sbt. [0m
[0m2021.03.26 02:56:05 INFO  Started: Metals version 0.10.0 in workspace 'C:\Users\HOME\Documents\GitHub\PROJETOCONTASBANCARIAS' for client vscode 1.54.3.[0m
[0m2021.03.26 02:56:09 INFO  time: initialize in 4.77s[0m
[0m2021.03.26 02:56:22 WARN  Build server is not auto-connectable.[0m
[0m2021.03.26 02:56:22 WARN  no build tool detected in workspace 'C:\Users\HOME\Documents\GitHub\PROJETOCONTASBANCARIAS'. The most common cause for this problem is that the editor was opened in the wrong working directory, for example if you use sbt then the workspace directory should contain build.sbt. [0m
mar 26, 2021 3:12:17 AM org.eclipse.lsp4j.jsonrpc.services.GenericEndpoint notify
INFORMAÇÕES: Unsupported notification method: $/setTraceNotification
[0m2021.03.26 21:41:02 INFO  Started: Metals version 0.10.0 in workspace 'C:\Users\HOME\Documents\GitHub\PROJETOCONTASBANCARIAS' for client vscode 1.54.3.[0m
[0m2021.03.26 21:41:24 INFO  time: initialize in 22s[0m
[0m2021.03.26 21:42:03 WARN  Build server is not auto-connectable.[0m
[0m2021.03.26 21:42:03 WARN  no build tool detected in workspace 'C:\Users\HOME\Documents\GitHub\PROJETOCONTASBANCARIAS'. The most common cause for this problem is that the editor was opened in the wrong working directory, for example if you use sbt then the workspace directory should contain build.sbt. [0m
[0m2021.03.27 01:55:34 INFO  Started: Metals version 0.10.0 in workspace 'C:\Users\HOME\Documents\GitHub\PROJETOCONTASBANCARIAS' for client vscode 1.54.3.[0m
[0m2021.03.27 01:55:37 INFO  time: initialize in 2.9s[0m
[0m2021.03.27 01:55:58 WARN  Build server is not auto-connectable.[0m
[0m2021.03.27 01:55:58 WARN  no build tool detected in workspace 'C:\Users\HOME\Documents\GitHub\PROJETOCONTASBANCARIAS'. The most common cause for this problem is that the editor was opened in the wrong working directory, for example if you use sbt then the workspace directory should contain build.sbt. [0m
[0m2021.03.28 21:36:52 INFO  Started: Metals version 0.10.0 in workspace 'C:\Users\HOME\Documents\GitHub\contas bancarias' for client vscode 1.54.3.[0m
[0m2021.03.28 21:37:43 INFO  time: initialize in 54s[0m
[0m2021.03.28 21:38:54 WARN  Build server is not auto-connectable.[0m
[0m2021.03.28 21:38:54 WARN  no build tool detected in workspace 'C:\Users\HOME\Documents\GitHub\contas bancarias'. The most common cause for this problem is that the editor was opened in the wrong working directory, for example if you use sbt then the workspace directory should contain build.sbt. [0m
mar 28, 2021 10:39:20 PM org.eclipse.lsp4j.jsonrpc.services.GenericEndpoint notify
INFORMAÇÕES: Unsupported notification method: $/setTraceNotification
mar 28, 2021 10:40:43 PM org.eclipse.lsp4j.jsonrpc.services.GenericEndpoint notify
INFORMAÇÕES: Unsupported notification method: $/setTraceNotification
mar 29, 2021 12:22:26 AM org.eclipse.lsp4j.jsonrpc.services.GenericEndpoint notify
INFORMAÇÕES: Unsupported notification method: $/setTraceNotification
mar 29, 2021 12:23:50 AM org.eclipse.lsp4j.jsonrpc.services.GenericEndpoint notify
INFORMAÇÕES: Unsupported notification method: $/setTraceNotification
mar 29, 2021 12:27:46 AM org.eclipse.lsp4j.jsonrpc.services.GenericEndpoint notify
INFORMAÇÕES: Unsupported notification method: $/setTraceNotification
mar 29, 2021 12:29:23 AM org.eclipse.lsp4j.jsonrpc.services.GenericEndpoint notify
INFORMAÇÕES: Unsupported notification method: $/setTraceNotification
mar 29, 2021 12:30:17 AM org.eclipse.lsp4j.jsonrpc.services.GenericEndpoint notify
INFORMAÇÕES: Unsupported notification method: $/setTraceNotification
mar 29, 2021 12:31:54 AM org.eclipse.lsp4j.jsonrpc.services.GenericEndpoint notify
INFORMAÇÕES: Unsupported notification method: $/setTraceNotification
mar 29, 2021 2:09:29 AM org.eclipse.lsp4j.jsonrpc.services.GenericEndpoint notify
INFORMAÇÕES: Unsupported notification method: $/setTraceNotification
